mode: atomic
github.com/zenn-dev/zenn-ai-hackathon/internal/config/config.go:17.30,19.21 2 4
github.com/zenn-dev/zenn-ai-hackathon/internal/config/config.go:19.21,21.3 1 1
github.com/zenn-dev/zenn-ai-hackathon/internal/config/config.go:23.2,24.22 2 3
github.com/zenn-dev/zenn-ai-hackathon/internal/config/config.go:24.22,26.3 1 1
github.com/zenn-dev/zenn-ai-hackathon/internal/config/config.go:28.2,29.16 2 2
github.com/zenn-dev/zenn-ai-hackathon/internal/config/config.go:29.16,31.3 1 1
github.com/zenn-dev/zenn-ai-hackathon/internal/config/config.go:33.2,38.8 1 2
github.com/zenn-dev/zenn-ai-hackathon/internal/config/config.go:42.35,44.2 1 1
github.com/zenn-dev/zenn-ai-hackathon/internal/config/config.go:47.35,48.23 1 3
github.com/zenn-dev/zenn-ai-hackathon/internal/config/config.go:48.23,50.3 1 1
github.com/zenn-dev/zenn-ai-hackathon/internal/config/config.go:51.2,51.24 1 2
github.com/zenn-dev/zenn-ai-hackathon/internal/config/config.go:51.24,53.3 1 1
github.com/zenn-dev/zenn-ai-hackathon/internal/config/config.go:54.2,54.22 1 1
github.com/zenn-dev/zenn-ai-hackathon/internal/config/config.go:54.22,56.3 1 0
github.com/zenn-dev/zenn-ai-hackathon/internal/config/config.go:57.2,57.18 1 1
github.com/zenn-dev/zenn-ai-hackathon/internal/config/config.go:57.18,59.3 1 0
github.com/zenn-dev/zenn-ai-hackathon/internal/config/config.go:60.2,60.12 1 1
github.com/zenn-dev/zenn-ai-hackathon/internal/ai/client.go:30.61,36.16 4 0
github.com/zenn-dev/zenn-ai-hackathon/internal/ai/client.go:36.16,39.3 2 0
github.com/zenn-dev/zenn-ai-hackathon/internal/ai/client.go:40.2,49.8 4 0
github.com/zenn-dev/zenn-ai-hackathon/internal/ai/client.go:53.57,65.2 1 2
github.com/zenn-dev/zenn-ai-hackathon/internal/ai/client.go:68.125,70.25 2 4
github.com/zenn-dev/zenn-ai-hackathon/internal/ai/client.go:70.25,73.3 2 1
github.com/zenn-dev/zenn-ai-hackathon/internal/ai/client.go:74.2,74.32 1 3
github.com/zenn-dev/zenn-ai-hackathon/internal/ai/client.go:74.32,77.3 2 1
github.com/zenn-dev/zenn-ai-hackathon/internal/ai/client.go:79.2,86.16 4 2
github.com/zenn-dev/zenn-ai-hackathon/internal/ai/client.go:86.16,89.3 2 0
github.com/zenn-dev/zenn-ai-hackathon/internal/ai/client.go:91.2,91.35 1 2
github.com/zenn-dev/zenn-ai-hackathon/internal/ai/client.go:91.35,94.3 2 1
github.com/zenn-dev/zenn-ai-hackathon/internal/ai/client.go:96.2,97.9 2 1
github.com/zenn-dev/zenn-ai-hackathon/internal/ai/client.go:97.9,100.3 2 0
github.com/zenn-dev/zenn-ai-hackathon/internal/ai/client.go:102.2,104.28 3 1
github.com/zenn-dev/zenn-ai-hackathon/internal/storage/client.go:46.64,48.2 1 0
github.com/zenn-dev/zenn-ai-hackathon/internal/storage/client.go:50.102,52.2 1 0
github.com/zenn-dev/zenn-ai-hackathon/internal/storage/client.go:54.77,56.2 1 0
github.com/zenn-dev/zenn-ai-hackathon/internal/storage/client.go:58.85,60.2 1 0
github.com/zenn-dev/zenn-ai-hackathon/internal/storage/client.go:69.79,72.16 3 0
github.com/zenn-dev/zenn-ai-hackathon/internal/storage/client.go:72.16,75.3 2 0
github.com/zenn-dev/zenn-ai-hackathon/internal/storage/client.go:76.2,84.8 4 0
github.com/zenn-dev/zenn-ai-hackathon/internal/storage/client.go:88.83,90.25 2 2
github.com/zenn-dev/zenn-ai-hackathon/internal/storage/client.go:90.25,93.3 2 1
github.com/zenn-dev/zenn-ai-hackathon/internal/storage/client.go:95.2,101.51 5 1
github.com/zenn-dev/zenn-ai-hackathon/internal/storage/client.go:101.51,104.3 2 0
github.com/zenn-dev/zenn-ai-hackathon/internal/storage/client.go:106.2,106.39 1 1
github.com/zenn-dev/zenn-ai-hackathon/internal/storage/client.go:106.39,109.3 2 0
github.com/zenn-dev/zenn-ai-hackathon/internal/storage/client.go:111.2,112.23 2 1
github.com/zenn-dev/zenn-ai-hackathon/internal/storage/client.go:116.73,118.17 2 1
github.com/zenn-dev/zenn-ai-hackathon/internal/storage/client.go:118.17,121.3 2 0
github.com/zenn-dev/zenn-ai-hackathon/internal/storage/client.go:123.2,124.16 2 1
github.com/zenn-dev/zenn-ai-hackathon/internal/storage/client.go:124.16,127.3 2 0
github.com/zenn-dev/zenn-ai-hackathon/internal/storage/client.go:128.2,135.16 4 1
github.com/zenn-dev/zenn-ai-hackathon/internal/storage/client.go:135.16,138.3 2 0
github.com/zenn-dev/zenn-ai-hackathon/internal/storage/client.go:141.2,143.46 3 1
github.com/zenn-dev/zenn-ai-hackathon/internal/storage/client.go:143.46,146.3 2 0
github.com/zenn-dev/zenn-ai-hackathon/internal/storage/client.go:148.2,148.39 1 1
github.com/zenn-dev/zenn-ai-hackathon/internal/storage/client.go:148.39,151.3 2 0
github.com/zenn-dev/zenn-ai-hackathon/internal/storage/client.go:153.2,154.12 2 1
github.com/zenn-dev/zenn-ai-hackathon/internal/storage/client.go:158.84,160.18 2 1
github.com/zenn-dev/zenn-ai-hackathon/internal/storage/client.go:160.18,163.3 2 0
github.com/zenn-dev/zenn-ai-hackathon/internal/storage/client.go:165.2,166.16 2 1
github.com/zenn-dev/zenn-ai-hackathon/internal/storage/client.go:166.16,169.3 2 0
github.com/zenn-dev/zenn-ai-hackathon/internal/storage/client.go:171.2,171.39 1 1
github.com/zenn-dev/zenn-ai-hackathon/internal/storage/client.go:171.39,172.24 1 1
github.com/zenn-dev/zenn-ai-hackathon/internal/storage/client.go:172.24,175.4 2 1
github.com/zenn-dev/zenn-ai-hackathon/internal/storage/client.go:178.2,179.73 2 0
github.com/zenn-dev/zenn-ai-hackathon/internal/storage/client.go:183.77,187.16 4 2
github.com/zenn-dev/zenn-ai-hackathon/internal/storage/client.go:187.16,188.39 1 1
github.com/zenn-dev/zenn-ai-hackathon/internal/storage/client.go:188.39,191.4 2 1
github.com/zenn-dev/zenn-ai-hackathon/internal/storage/client.go:192.3,193.80 2 0
github.com/zenn-dev/zenn-ai-hackathon/internal/storage/client.go:195.2,198.16 3 1
github.com/zenn-dev/zenn-ai-hackathon/internal/storage/client.go:198.16,201.3 2 0
github.com/zenn-dev/zenn-ai-hackathon/internal/storage/client.go:203.2,204.55 2 1
github.com/zenn-dev/zenn-ai-hackathon/internal/storage/client.go:204.55,207.3 2 0
github.com/zenn-dev/zenn-ai-hackathon/internal/storage/client.go:209.2,210.22 2 1
github.com/zenn-dev/zenn-ai-hackathon/internal/storage/client.go:214.26,216.2 1 1
github.com/zenn-dev/zenn-ai-hackathon/internal/storage/client.go:219.92,221.22 2 0
github.com/zenn-dev/zenn-ai-hackathon/internal/storage/client.go:221.22,224.3 2 0
github.com/zenn-dev/zenn-ai-hackathon/internal/storage/client.go:225.2,227.23 3 0
github.com/zenn-dev/zenn-ai-hackathon/internal/storage/client.go:231.74,234.16 3 0
github.com/zenn-dev/zenn-ai-hackathon/internal/storage/client.go:234.16,237.3 2 0
github.com/zenn-dev/zenn-ai-hackathon/internal/storage/client.go:238.2,239.29 2 0
github.com/zenn-dev/zenn-ai-hackathon/internal/server/routes.go:11.32,14.73 3 0
github.com/zenn-dev/zenn-ai-hackathon/internal/server/routes.go:14.73,15.78 1 0
github.com/zenn-dev/zenn-ai-hackathon/internal/server/routes.go:15.78,18.4 2 0
github.com/zenn-dev/zenn-ai-hackathon/internal/server/routes.go:19.3,19.24 1 0
github.com/zenn-dev/zenn-ai-hackathon/internal/server/routes.go:21.2,21.50 1 0
github.com/zenn-dev/zenn-ai-hackathon/internal/server/server.go:33.52,34.71 1 0
github.com/zenn-dev/zenn-ai-hackathon/internal/server/server.go:34.71,41.28 4 0
github.com/zenn-dev/zenn-ai-hackathon/internal/server/server.go:41.28,44.4 2 0
github.com/zenn-dev/zenn-ai-hackathon/internal/server/server.go:46.3,46.26 1 0
github.com/zenn-dev/zenn-ai-hackathon/internal/server/server.go:51.49,58.2 3 2
github.com/zenn-dev/zenn-ai-hackathon/internal/server/server.go:61.68,65.2 2 0
github.com/zenn-dev/zenn-ai-hackathon/internal/server/server.go:68.27,75.2 6 2
github.com/zenn-dev/zenn-ai-hackathon/internal/server/server.go:78.71,82.55 2 1
github.com/zenn-dev/zenn-ai-hackathon/internal/server/server.go:82.55,86.3 3 0
github.com/zenn-dev/zenn-ai-hackathon/internal/server/server.go:89.2,90.16 2 1
github.com/zenn-dev/zenn-ai-hackathon/internal/server/server.go:90.16,94.3 3 0
github.com/zenn-dev/zenn-ai-hackathon/internal/server/server.go:95.2,99.26 3 1
github.com/zenn-dev/zenn-ai-hackathon/internal/server/server.go:99.26,103.3 3 0
github.com/zenn-dev/zenn-ai-hackathon/internal/server/server.go:106.2,108.16 3 1
github.com/zenn-dev/zenn-ai-hackathon/internal/server/server.go:108.16,112.3 3 0
github.com/zenn-dev/zenn-ai-hackathon/internal/server/server.go:115.2,116.16 2 1
github.com/zenn-dev/zenn-ai-hackathon/internal/server/server.go:116.16,120.3 3 0
github.com/zenn-dev/zenn-ai-hackathon/internal/server/server.go:123.2,124.56 2 1
github.com/zenn-dev/zenn-ai-hackathon/internal/server/server.go:124.56,128.3 3 0
github.com/zenn-dev/zenn-ai-hackathon/internal/server/server.go:130.2,130.75 1 1
github.com/zenn-dev/zenn-ai-hackathon/internal/server/server.go:134.72,140.16 4 1
github.com/zenn-dev/zenn-ai-hackathon/internal/server/server.go:140.16,144.3 3 0
github.com/zenn-dev/zenn-ai-hackathon/internal/server/server.go:145.2,149.16 3 1
github.com/zenn-dev/zenn-ai-hackathon/internal/server/server.go:149.16,153.3 3 0
github.com/zenn-dev/zenn-ai-hackathon/internal/server/server.go:154.2,172.60 5 1
github.com/zenn-dev/zenn-ai-hackathon/internal/server/server.go:172.60,176.3 3 0
github.com/zenn-dev/zenn-ai-hackathon/internal/server/server.go:178.2,178.79 1 1
github.com/zenn-dev/zenn-ai-hackathon/internal/server/server.go:182.71,183.32 1 0
github.com/zenn-dev/zenn-ai-hackathon/internal/server/server.go:183.32,186.3 2 0
github.com/zenn-dev/zenn-ai-hackathon/internal/server/server.go:188.2,189.62 2 0
github.com/zenn-dev/zenn-ai-hackathon/internal/server/server.go:189.62,191.3 1 0
github.com/zenn-dev/zenn-ai-hackathon/internal/server/server.go:195.76,200.16 3 0
github.com/zenn-dev/zenn-ai-hackathon/internal/server/server.go:200.16,204.3 3 0
github.com/zenn-dev/zenn-ai-hackathon/internal/server/server.go:207.2,212.31 2 0
github.com/zenn-dev/zenn-ai-hackathon/internal/server/server.go:212.31,220.3 1 0
github.com/zenn-dev/zenn-ai-hackathon/internal/server/server.go:223.2,224.60 2 0
github.com/zenn-dev/zenn-ai-hackathon/internal/server/server.go:224.60,228.3 3 0
github.com/zenn-dev/zenn-ai-hackathon/internal/server/server.go:230.2,230.91 1 0
github.com/zenn-dev/zenn-ai-hackathon/internal/server/server.go:234.77,242.65 3 0
github.com/zenn-dev/zenn-ai-hackathon/internal/server/server.go:242.65,246.3 3 0
github.com/zenn-dev/zenn-ai-hackathon/internal/server/server.go:249.2,250.16 2 0
github.com/zenn-dev/zenn-ai-hackathon/internal/server/server.go:250.16,254.3 3 0
github.com/zenn-dev/zenn-ai-hackathon/internal/server/server.go:257.2,267.60 4 0
github.com/zenn-dev/zenn-ai-hackathon/internal/server/server.go:267.60,271.3 3 0
github.com/zenn-dev/zenn-ai-hackathon/internal/server/server.go:273.2,273.108 1 0
github.com/zenn-dev/zenn-ai-hackathon/internal/service/image_validator.go:25.59,38.2 1 1
github.com/zenn-dev/zenn-ai-hackathon/internal/service/image_validator.go:41.98,44.25 2 2
github.com/zenn-dev/zenn-ai-hackathon/internal/service/image_validator.go:44.25,46.3 1 1
github.com/zenn-dev/zenn-ai-hackathon/internal/service/image_validator.go:49.2,51.55 3 1
github.com/zenn-dev/zenn-ai-hackathon/internal/service/image_validator.go:51.55,53.3 1 0
github.com/zenn-dev/zenn-ai-hackathon/internal/service/image_validator.go:56.2,56.39 1 1
github.com/zenn-dev/zenn-ai-hackathon/internal/service/image_validator.go:56.39,58.3 1 1
github.com/zenn-dev/zenn-ai-hackathon/internal/service/image_validator.go:61.2,62.35 2 0
github.com/zenn-dev/zenn-ai-hackathon/internal/service/image_validator.go:62.35,64.3 1 0
github.com/zenn-dev/zenn-ai-hackathon/internal/service/image_validator.go:66.2,66.17 1 0
github.com/zenn-dev/zenn-ai-hackathon/internal/service/quiz.go:22.93,27.2 1 6
github.com/zenn-dev/zenn-ai-hackathon/internal/service/quiz.go:30.124,32.25 1 4
github.com/zenn-dev/zenn-ai-hackathon/internal/service/quiz.go:32.25,34.3 1 1
github.com/zenn-dev/zenn-ai-hackathon/internal/service/quiz.go:35.2,35.32 1 3
github.com/zenn-dev/zenn-ai-hackathon/internal/service/quiz.go:35.32,37.3 1 1
github.com/zenn-dev/zenn-ai-hackathon/internal/service/quiz.go:40.2,41.16 2 2
github.com/zenn-dev/zenn-ai-hackathon/internal/service/quiz.go:41.16,43.3 1 1
github.com/zenn-dev/zenn-ai-hackathon/internal/service/quiz.go:46.2,47.16 2 1
github.com/zenn-dev/zenn-ai-hackathon/internal/service/quiz.go:47.16,49.3 1 0
github.com/zenn-dev/zenn-ai-hackathon/internal/service/quiz.go:52.2,61.60 2 1
github.com/zenn-dev/zenn-ai-hackathon/internal/service/quiz.go:61.60,63.3 1 0
github.com/zenn-dev/zenn-ai-hackathon/internal/service/quiz.go:65.2,65.18 1 1
github.com/zenn-dev/zenn-ai-hackathon/internal/service/quiz.go:69.89,70.18 1 0
github.com/zenn-dev/zenn-ai-hackathon/internal/service/quiz.go:70.18,72.3 1 0
github.com/zenn-dev/zenn-ai-hackathon/internal/service/quiz.go:74.2,75.16 2 0
github.com/zenn-dev/zenn-ai-hackathon/internal/service/quiz.go:75.16,77.3 1 0
github.com/zenn-dev/zenn-ai-hackathon/internal/service/quiz.go:79.2,79.18 1 0
github.com/zenn-dev/zenn-ai-hackathon/internal/service/quiz.go:83.80,90.2 3 10
github.com/zenn-dev/zenn-ai-hackathon/internal/service/quiz.go:93.91,95.2 1 3
github.com/zenn-dev/zenn-ai-hackathon/internal/service/quiz.go:98.26,100.2 1 1
github.com/zenn-dev/zenn-ai-hackathon/internal/service/quiz.go:103.30,105.38 2 10
github.com/zenn-dev/zenn-ai-hackathon/internal/service/quiz.go:105.38,108.3 2 10
github.com/zenn-dev/zenn-ai-hackathon/internal/service/quiz.go:112.96,114.21 2 0
github.com/zenn-dev/zenn-ai-hackathon/internal/service/quiz.go:114.21,117.3 2 0
github.com/zenn-dev/zenn-ai-hackathon/internal/service/quiz.go:119.2,120.16 2 0
github.com/zenn-dev/zenn-ai-hackathon/internal/service/quiz.go:120.16,123.3 2 0
github.com/zenn-dev/zenn-ai-hackathon/internal/service/quiz.go:125.2,126.23 2 0
github.com/zenn-dev/zenn-ai-hackathon/internal/service/quiz.go:130.80,132.16 2 0
github.com/zenn-dev/zenn-ai-hackathon/internal/service/quiz.go:132.16,134.3 1 0
github.com/zenn-dev/zenn-ai-hackathon/internal/service/quiz.go:135.2,135.21 1 0
