mode: atomic
github.com/zenn-dev/zenn-ai-hackathon/internal/config/config.go:18.30,20.21 2 4
github.com/zenn-dev/zenn-ai-hackathon/internal/config/config.go:20.21,22.3 1 1
github.com/zenn-dev/zenn-ai-hackathon/internal/config/config.go:24.2,25.22 2 3
github.com/zenn-dev/zenn-ai-hackathon/internal/config/config.go:25.22,27.3 1 1
github.com/zenn-dev/zenn-ai-hackathon/internal/config/config.go:29.2,30.20 2 2
github.com/zenn-dev/zenn-ai-hackathon/internal/config/config.go:30.20,32.3 1 1
github.com/zenn-dev/zenn-ai-hackathon/internal/config/config.go:34.2,35.16 2 2
github.com/zenn-dev/zenn-ai-hackathon/internal/config/config.go:35.16,37.3 1 1
github.com/zenn-dev/zenn-ai-hackathon/internal/config/config.go:39.2,47.8 2 2
github.com/zenn-dev/zenn-ai-hackathon/internal/config/config.go:51.35,53.2 1 1
github.com/zenn-dev/zenn-ai-hackathon/internal/config/config.go:56.35,57.23 1 3
github.com/zenn-dev/zenn-ai-hackathon/internal/config/config.go:57.23,59.3 1 1
github.com/zenn-dev/zenn-ai-hackathon/internal/config/config.go:60.2,60.24 1 2
github.com/zenn-dev/zenn-ai-hackathon/internal/config/config.go:60.24,62.3 1 1
github.com/zenn-dev/zenn-ai-hackathon/internal/config/config.go:63.2,63.22 1 1
github.com/zenn-dev/zenn-ai-hackathon/internal/config/config.go:63.22,65.3 1 0
github.com/zenn-dev/zenn-ai-hackathon/internal/config/config.go:66.2,66.18 1 1
github.com/zenn-dev/zenn-ai-hackathon/internal/config/config.go:66.18,68.3 1 0
github.com/zenn-dev/zenn-ai-hackathon/internal/config/config.go:69.2,69.12 1 1
github.com/zenn-dev/zenn-ai-hackathon/internal/service/image_validator.go:25.59,38.2 1 1
github.com/zenn-dev/zenn-ai-hackathon/internal/service/image_validator.go:41.98,44.25 2 2
github.com/zenn-dev/zenn-ai-hackathon/internal/service/image_validator.go:44.25,46.3 1 1
github.com/zenn-dev/zenn-ai-hackathon/internal/service/image_validator.go:49.2,51.55 3 1
github.com/zenn-dev/zenn-ai-hackathon/internal/service/image_validator.go:51.55,53.3 1 0
github.com/zenn-dev/zenn-ai-hackathon/internal/service/image_validator.go:56.2,56.39 1 1
github.com/zenn-dev/zenn-ai-hackathon/internal/service/image_validator.go:56.39,58.3 1 1
github.com/zenn-dev/zenn-ai-hackathon/internal/service/image_validator.go:61.2,62.35 2 0
github.com/zenn-dev/zenn-ai-hackathon/internal/service/image_validator.go:62.35,64.3 1 0
github.com/zenn-dev/zenn-ai-hackathon/internal/service/image_validator.go:66.2,66.17 1 0
github.com/zenn-dev/zenn-ai-hackathon/internal/service/quiz.go:20.93,25.2 1 6
github.com/zenn-dev/zenn-ai-hackathon/internal/service/quiz.go:28.124,30.25 1 4
github.com/zenn-dev/zenn-ai-hackathon/internal/service/quiz.go:30.25,32.3 1 1
github.com/zenn-dev/zenn-ai-hackathon/internal/service/quiz.go:33.2,33.32 1 3
github.com/zenn-dev/zenn-ai-hackathon/internal/service/quiz.go:33.32,35.3 1 1
github.com/zenn-dev/zenn-ai-hackathon/internal/service/quiz.go:38.2,39.16 2 2
github.com/zenn-dev/zenn-ai-hackathon/internal/service/quiz.go:39.16,41.3 1 1
github.com/zenn-dev/zenn-ai-hackathon/internal/service/quiz.go:44.2,45.16 2 1
github.com/zenn-dev/zenn-ai-hackathon/internal/service/quiz.go:45.16,47.3 1 0
github.com/zenn-dev/zenn-ai-hackathon/internal/service/quiz.go:50.2,59.60 2 1
github.com/zenn-dev/zenn-ai-hackathon/internal/service/quiz.go:59.60,61.3 1 0
github.com/zenn-dev/zenn-ai-hackathon/internal/service/quiz.go:63.2,63.18 1 1
github.com/zenn-dev/zenn-ai-hackathon/internal/service/quiz.go:67.89,68.18 1 0
github.com/zenn-dev/zenn-ai-hackathon/internal/service/quiz.go:68.18,70.3 1 0
github.com/zenn-dev/zenn-ai-hackathon/internal/service/quiz.go:72.2,73.16 2 0
github.com/zenn-dev/zenn-ai-hackathon/internal/service/quiz.go:73.16,75.3 1 0
github.com/zenn-dev/zenn-ai-hackathon/internal/service/quiz.go:77.2,77.18 1 0
github.com/zenn-dev/zenn-ai-hackathon/internal/service/quiz.go:81.80,88.2 3 10
github.com/zenn-dev/zenn-ai-hackathon/internal/service/quiz.go:91.91,93.2 1 3
github.com/zenn-dev/zenn-ai-hackathon/internal/service/quiz.go:96.26,98.2 1 1
github.com/zenn-dev/zenn-ai-hackathon/internal/service/quiz.go:101.30,102.38 1 10
github.com/zenn-dev/zenn-ai-hackathon/internal/service/quiz.go:102.38,105.3 2 10
github.com/zenn-dev/zenn-ai-hackathon/internal/server/server.go:28.49,35.2 3 2
github.com/zenn-dev/zenn-ai-hackathon/internal/server/server.go:38.68,40.2 1 0
github.com/zenn-dev/zenn-ai-hackathon/internal/server/server.go:43.27,47.2 3 2
github.com/zenn-dev/zenn-ai-hackathon/internal/server/server.go:50.71,51.33 1 1
github.com/zenn-dev/zenn-ai-hackathon/internal/server/server.go:51.33,54.3 2 0
github.com/zenn-dev/zenn-ai-hackathon/internal/server/server.go:57.2,57.55 1 1
github.com/zenn-dev/zenn-ai-hackathon/internal/server/server.go:57.55,60.3 2 0
github.com/zenn-dev/zenn-ai-hackathon/internal/server/server.go:63.2,64.16 2 1
github.com/zenn-dev/zenn-ai-hackathon/internal/server/server.go:64.16,67.3 2 0
github.com/zenn-dev/zenn-ai-hackathon/internal/server/server.go:68.2,72.48 3 1
github.com/zenn-dev/zenn-ai-hackathon/internal/server/server.go:72.48,75.3 2 0
github.com/zenn-dev/zenn-ai-hackathon/internal/server/server.go:78.2,79.26 2 1
github.com/zenn-dev/zenn-ai-hackathon/internal/server/server.go:79.26,82.3 2 0
github.com/zenn-dev/zenn-ai-hackathon/internal/server/server.go:85.2,86.16 2 1
github.com/zenn-dev/zenn-ai-hackathon/internal/server/server.go:86.16,90.3 3 0
github.com/zenn-dev/zenn-ai-hackathon/internal/server/server.go:93.2,94.56 2 1
github.com/zenn-dev/zenn-ai-hackathon/internal/server/server.go:94.56,96.3 1 0
github.com/zenn-dev/zenn-ai-hackathon/internal/server/server.go:100.72,101.32 1 1
github.com/zenn-dev/zenn-ai-hackathon/internal/server/server.go:101.32,104.3 2 0
github.com/zenn-dev/zenn-ai-hackathon/internal/server/server.go:107.2,108.18 2 1
github.com/zenn-dev/zenn-ai-hackathon/internal/server/server.go:108.18,111.3 2 0
github.com/zenn-dev/zenn-ai-hackathon/internal/server/server.go:114.2,115.16 2 1
github.com/zenn-dev/zenn-ai-hackathon/internal/server/server.go:115.16,119.3 3 0
github.com/zenn-dev/zenn-ai-hackathon/internal/server/server.go:122.2,126.56 3 1
github.com/zenn-dev/zenn-ai-hackathon/internal/server/server.go:126.56,128.3 1 0
github.com/zenn-dev/zenn-ai-hackathon/internal/server/server.go:132.71,133.32 1 0
github.com/zenn-dev/zenn-ai-hackathon/internal/server/server.go:133.32,136.3 2 0
github.com/zenn-dev/zenn-ai-hackathon/internal/server/server.go:138.2,139.62 2 0
github.com/zenn-dev/zenn-ai-hackathon/internal/server/server.go:139.62,141.3 1 0
github.com/zenn-dev/zenn-ai-hackathon/internal/ai/client.go:28.61,31.16 3 0
github.com/zenn-dev/zenn-ai-hackathon/internal/ai/client.go:31.16,33.3 1 0
github.com/zenn-dev/zenn-ai-hackathon/internal/ai/client.go:35.2,40.8 2 0
github.com/zenn-dev/zenn-ai-hackathon/internal/ai/client.go:44.125,46.25 1 4
github.com/zenn-dev/zenn-ai-hackathon/internal/ai/client.go:46.25,48.3 1 1
github.com/zenn-dev/zenn-ai-hackathon/internal/ai/client.go:49.2,49.32 1 3
github.com/zenn-dev/zenn-ai-hackathon/internal/ai/client.go:49.32,51.3 1 1
github.com/zenn-dev/zenn-ai-hackathon/internal/ai/client.go:54.2,54.20 1 2
github.com/zenn-dev/zenn-ai-hackathon/internal/ai/client.go:54.20,56.3 1 0
github.com/zenn-dev/zenn-ai-hackathon/internal/ai/client.go:58.2,74.16 3 2
github.com/zenn-dev/zenn-ai-hackathon/internal/ai/client.go:74.16,76.3 1 0
github.com/zenn-dev/zenn-ai-hackathon/internal/ai/client.go:78.2,78.92 1 2
github.com/zenn-dev/zenn-ai-hackathon/internal/ai/client.go:78.92,80.3 1 1
github.com/zenn-dev/zenn-ai-hackathon/internal/ai/client.go:82.2,83.9 2 1
github.com/zenn-dev/zenn-ai-hackathon/internal/ai/client.go:83.9,85.3 1 0
github.com/zenn-dev/zenn-ai-hackathon/internal/ai/client.go:87.2,87.26 1 1
github.com/zenn-dev/zenn-ai-hackathon/internal/storage/client.go:47.64,49.2 1 0
github.com/zenn-dev/zenn-ai-hackathon/internal/storage/client.go:51.102,53.2 1 0
github.com/zenn-dev/zenn-ai-hackathon/internal/storage/client.go:55.77,57.2 1 0
github.com/zenn-dev/zenn-ai-hackathon/internal/storage/client.go:59.85,61.2 1 0
github.com/zenn-dev/zenn-ai-hackathon/internal/storage/client.go:70.79,72.16 2 0
github.com/zenn-dev/zenn-ai-hackathon/internal/storage/client.go:72.16,74.3 1 0
github.com/zenn-dev/zenn-ai-hackathon/internal/storage/client.go:76.2,82.8 3 0
github.com/zenn-dev/zenn-ai-hackathon/internal/storage/client.go:86.83,87.25 1 2
github.com/zenn-dev/zenn-ai-hackathon/internal/storage/client.go:87.25,89.3 1 1
github.com/zenn-dev/zenn-ai-hackathon/internal/storage/client.go:91.2,95.51 4 1
github.com/zenn-dev/zenn-ai-hackathon/internal/storage/client.go:95.51,97.3 1 0
github.com/zenn-dev/zenn-ai-hackathon/internal/storage/client.go:99.2,99.39 1 1
github.com/zenn-dev/zenn-ai-hackathon/internal/storage/client.go:99.39,101.3 1 0
github.com/zenn-dev/zenn-ai-hackathon/internal/storage/client.go:103.2,103.23 1 1
github.com/zenn-dev/zenn-ai-hackathon/internal/storage/client.go:107.73,108.17 1 1
github.com/zenn-dev/zenn-ai-hackathon/internal/storage/client.go:108.17,110.3 1 0
github.com/zenn-dev/zenn-ai-hackathon/internal/storage/client.go:112.2,113.16 2 1
github.com/zenn-dev/zenn-ai-hackathon/internal/storage/client.go:113.16,115.3 1 0
github.com/zenn-dev/zenn-ai-hackathon/internal/storage/client.go:118.2,122.16 3 1
github.com/zenn-dev/zenn-ai-hackathon/internal/storage/client.go:122.16,124.3 1 0
github.com/zenn-dev/zenn-ai-hackathon/internal/storage/client.go:127.2,129.46 3 1
github.com/zenn-dev/zenn-ai-hackathon/internal/storage/client.go:129.46,131.3 1 0
github.com/zenn-dev/zenn-ai-hackathon/internal/storage/client.go:133.2,133.39 1 1
github.com/zenn-dev/zenn-ai-hackathon/internal/storage/client.go:133.39,135.3 1 0
github.com/zenn-dev/zenn-ai-hackathon/internal/storage/client.go:137.2,137.12 1 1
github.com/zenn-dev/zenn-ai-hackathon/internal/storage/client.go:141.84,142.18 1 1
github.com/zenn-dev/zenn-ai-hackathon/internal/storage/client.go:142.18,144.3 1 0
github.com/zenn-dev/zenn-ai-hackathon/internal/storage/client.go:146.2,147.16 2 1
github.com/zenn-dev/zenn-ai-hackathon/internal/storage/client.go:147.16,149.3 1 0
github.com/zenn-dev/zenn-ai-hackathon/internal/storage/client.go:151.2,151.39 1 1
github.com/zenn-dev/zenn-ai-hackathon/internal/storage/client.go:151.39,152.24 1 1
github.com/zenn-dev/zenn-ai-hackathon/internal/storage/client.go:152.24,154.4 1 1
github.com/zenn-dev/zenn-ai-hackathon/internal/storage/client.go:157.2,157.73 1 0
github.com/zenn-dev/zenn-ai-hackathon/internal/storage/client.go:161.77,164.16 3 2
github.com/zenn-dev/zenn-ai-hackathon/internal/storage/client.go:164.16,165.39 1 1
github.com/zenn-dev/zenn-ai-hackathon/internal/storage/client.go:165.39,167.4 1 1
github.com/zenn-dev/zenn-ai-hackathon/internal/storage/client.go:168.3,168.80 1 0
github.com/zenn-dev/zenn-ai-hackathon/internal/storage/client.go:170.2,173.16 3 1
github.com/zenn-dev/zenn-ai-hackathon/internal/storage/client.go:173.16,175.3 1 0
github.com/zenn-dev/zenn-ai-hackathon/internal/storage/client.go:177.2,178.55 2 1
github.com/zenn-dev/zenn-ai-hackathon/internal/storage/client.go:178.55,180.3 1 0
github.com/zenn-dev/zenn-ai-hackathon/internal/storage/client.go:182.2,182.22 1 1
github.com/zenn-dev/zenn-ai-hackathon/internal/storage/client.go:186.26,188.2 1 1
github.com/zenn-dev/zenn-ai-hackathon/internal/storage/client.go:192.92,197.16 3 0
github.com/zenn-dev/zenn-ai-hackathon/internal/storage/client.go:197.16,200.3 2 0
github.com/zenn-dev/zenn-ai-hackathon/internal/storage/client.go:201.2,204.16 3 0
github.com/zenn-dev/zenn-ai-hackathon/internal/storage/client.go:204.16,207.3 2 0
github.com/zenn-dev/zenn-ai-hackathon/internal/storage/client.go:208.2,219.16 4 0
github.com/zenn-dev/zenn-ai-hackathon/internal/storage/client.go:219.16,222.3 2 0
github.com/zenn-dev/zenn-ai-hackathon/internal/storage/client.go:223.2,225.17 2 0
